2015-03-18 16:06:58,300 INFO [org.springframework.context.support.ClassPathXmlApplicationContext] - Refreshing org.springframework.context.support.ClassPathXmlApplicationContext@283b4947: display name [org.springframework.context.support.ClassPathXmlApplicationContext@283b4947]; startup date [Wed Mar 18 16:06:58 CST 2015]; root of context hierarchy
2015-03-18 16:06:58,351 INFO [org.springframework.beans.factory.xml.XmlBeanDefinitionReader] - Loading XML bean definitions from class path resource [applicationContext.xml]
2015-03-18 16:06:58,647 INFO [org.springframework.context.support.ClassPathXmlApplicationContext] - Bean factory for application context [org.springframework.context.support.ClassPathXmlApplicationContext@283b4947]: org.springframework.beans.factory.support.DefaultListableBeanFactory@55abb1f
2015-03-18 16:06:58,731 INFO [org.springframework.beans.factory.config.PropertyPlaceholderConfigurer] - Loading properties file from class path resource [application.properties]
2015-03-18 16:06:58,747 INFO [org.springframework.beans.factory.support.DefaultListableBeanFactory] - Pre-instantiating singletons in org.springframework.beans.factory.support.DefaultListableBeanFactory@55abb1f: defining beans [propertyConfig,transactionManager,org.springframework.aop.config.internalAutoProxyCreator,org.springframework.transaction.annotation.AnnotationTransactionAttributeSource#0,org.springframework.transaction.interceptor.TransactionInterceptor#0,org.springframework.transaction.config.internalTransactionAdvisor,dataSource,sqlMapClient,Dao,Data]; root of factory hierarchy
2015-03-18 16:06:58,798 INFO [org.springframework.jdbc.datasource.DriverManagerDataSource] - Loaded JDBC driver: com.mysql.jdbc.Driver
2015-03-18 16:06:59,120 DEBUG [java.sql.Connection] - {conn-100000} Connection
2015-03-18 16:06:59,130 DEBUG [java.sql.Connection] - {conn-100000} Preparing Statement:       SELECT name   FROM project   LEFT JOIN    (   SELECT projectid, pp.programid, program.name   FROM    project_program AS pp   LEFT JOIN program ON pp.programid = program.programid) AS pro ON project.projectid = pro.projectid   where projectname = ?  
2015-03-18 16:06:59,638 DEBUG [java.sql.PreparedStatement] - {pstm-100001} Executing Statement:       SELECT name   FROM project   LEFT JOIN    (   SELECT projectid, pp.programid, program.name   FROM    project_program AS pp   LEFT JOIN program ON pp.programid = program.programid) AS pro ON project.projectid = pro.projectid   where projectname = ?  
2015-03-18 16:06:59,638 DEBUG [java.sql.PreparedStatement] - {pstm-100001} Parameters: [Demo]
2015-03-18 16:06:59,638 DEBUG [java.sql.PreparedStatement] - {pstm-100001} Types: [java.lang.String]
2015-03-18 16:06:59,641 DEBUG [java.sql.ResultSet] - {rset-100002} ResultSet
2015-03-18 16:06:59,653 DEBUG [java.sql.ResultSet] - {rset-100002} Header: [name]
2015-03-18 16:06:59,653 DEBUG [java.sql.ResultSet] - {rset-100002} Result: [wqm]
2015-03-18 16:13:26,305 INFO [org.springframework.context.support.ClassPathXmlApplicationContext] - Refreshing org.springframework.context.support.ClassPathXmlApplicationContext@4c47e8f3: display name [org.springframework.context.support.ClassPathXmlApplicationContext@4c47e8f3]; startup date [Wed Mar 18 16:13:26 CST 2015]; root of context hierarchy
2015-03-18 16:13:26,346 INFO [org.springframework.beans.factory.xml.XmlBeanDefinitionReader] - Loading XML bean definitions from class path resource [applicationContext.xml]
2015-03-18 16:13:26,478 INFO [org.springframework.context.support.ClassPathXmlApplicationContext] - Bean factory for application context [org.springframework.context.support.ClassPathXmlApplicationContext@4c47e8f3]: org.springframework.beans.factory.support.DefaultListableBeanFactory@55abb1f
2015-03-18 16:13:26,513 INFO [org.springframework.beans.factory.config.PropertyPlaceholderConfigurer] - Loading properties file from class path resource [application.properties]
2015-03-18 16:13:26,528 INFO [org.springframework.beans.factory.support.DefaultListableBeanFactory] - Pre-instantiating singletons in org.springframework.beans.factory.support.DefaultListableBeanFactory@55abb1f: defining beans [propertyConfig,transactionManager,org.springframework.aop.config.internalAutoProxyCreator,org.springframework.transaction.annotation.AnnotationTransactionAttributeSource#0,org.springframework.transaction.interceptor.TransactionInterceptor#0,org.springframework.transaction.config.internalTransactionAdvisor,dataSource,sqlMapClient,Dao,Data]; root of factory hierarchy
2015-03-18 16:13:26,557 INFO [org.springframework.jdbc.datasource.DriverManagerDataSource] - Loaded JDBC driver: com.mysql.jdbc.Driver
2015-03-18 16:13:26,748 DEBUG [java.sql.Connection] - {conn-100000} Connection
2015-03-18 16:13:26,757 DEBUG [java.sql.Connection] - {conn-100000} Preparing Statement:       SELECT name   FROM project   LEFT JOIN    (   SELECT projectid, pp.programid, program.name   FROM    project_program AS pp   LEFT JOIN program ON pp.programid = program.programid) AS pro ON project.projectid = pro.projectid   where projectname = ?  
2015-03-18 16:13:26,893 DEBUG [java.sql.PreparedStatement] - {pstm-100001} Executing Statement:       SELECT name   FROM project   LEFT JOIN    (   SELECT projectid, pp.programid, program.name   FROM    project_program AS pp   LEFT JOIN program ON pp.programid = program.programid) AS pro ON project.projectid = pro.projectid   where projectname = ?  
2015-03-18 16:13:26,894 DEBUG [java.sql.PreparedStatement] - {pstm-100001} Parameters: [Demo]
2015-03-18 16:13:26,894 DEBUG [java.sql.PreparedStatement] - {pstm-100001} Types: [java.lang.String]
2015-03-18 16:13:26,895 DEBUG [java.sql.ResultSet] - {rset-100002} ResultSet
2015-03-18 16:13:26,908 DEBUG [java.sql.ResultSet] - {rset-100002} Header: [name]
2015-03-18 16:13:26,908 DEBUG [java.sql.ResultSet] - {rset-100002} Result: [wqm]
2015-03-18 16:14:30,570 INFO [org.springframework.context.support.ClassPathXmlApplicationContext] - Refreshing org.springframework.context.support.ClassPathXmlApplicationContext@283b4947: display name [org.springframework.context.support.ClassPathXmlApplicationContext@283b4947]; startup date [Wed Mar 18 16:14:30 CST 2015]; root of context hierarchy
2015-03-18 16:14:30,611 INFO [org.springframework.beans.factory.xml.XmlBeanDefinitionReader] - Loading XML bean definitions from class path resource [applicationContext.xml]
2015-03-18 16:14:30,743 INFO [org.springframework.context.support.ClassPathXmlApplicationContext] - Bean factory for application context [org.springframework.context.support.ClassPathXmlApplicationContext@283b4947]: org.springframework.beans.factory.support.DefaultListableBeanFactory@5253f293
2015-03-18 16:14:30,778 INFO [org.springframework.beans.factory.config.PropertyPlaceholderConfigurer] - Loading properties file from class path resource [application.properties]
2015-03-18 16:14:30,794 INFO [org.springframework.beans.factory.support.DefaultListableBeanFactory] - Pre-instantiating singletons in org.springframework.beans.factory.support.DefaultListableBeanFactory@5253f293: defining beans [propertyConfig,transactionManager,org.springframework.aop.config.internalAutoProxyCreator,org.springframework.transaction.annotation.AnnotationTransactionAttributeSource#0,org.springframework.transaction.interceptor.TransactionInterceptor#0,org.springframework.transaction.config.internalTransactionAdvisor,dataSource,sqlMapClient,Dao,Data]; root of factory hierarchy
2015-03-18 16:14:30,823 INFO [org.springframework.jdbc.datasource.DriverManagerDataSource] - Loaded JDBC driver: com.mysql.jdbc.Driver
2015-03-18 16:14:31,014 DEBUG [java.sql.Connection] - {conn-100000} Connection
2015-03-18 16:14:31,023 DEBUG [java.sql.Connection] - {conn-100000} Preparing Statement:       SELECT name   FROM project   LEFT JOIN    (   SELECT projectid, pp.programid, program.name   FROM    project_program AS pp   LEFT JOIN program ON pp.programid = program.programid) AS pro ON project.projectid = pro.projectid   where projectname = ?  
2015-03-18 16:14:31,158 DEBUG [java.sql.PreparedStatement] - {pstm-100001} Executing Statement:       SELECT name   FROM project   LEFT JOIN    (   SELECT projectid, pp.programid, program.name   FROM    project_program AS pp   LEFT JOIN program ON pp.programid = program.programid) AS pro ON project.projectid = pro.projectid   where projectname = ?  
2015-03-18 16:14:31,158 DEBUG [java.sql.PreparedStatement] - {pstm-100001} Parameters: [Demo]
2015-03-18 16:14:31,158 DEBUG [java.sql.PreparedStatement] - {pstm-100001} Types: [java.lang.String]
2015-03-18 16:14:31,159 DEBUG [java.sql.ResultSet] - {rset-100002} ResultSet
2015-03-18 16:14:31,171 DEBUG [java.sql.ResultSet] - {rset-100002} Header: [name]
2015-03-18 16:14:31,171 DEBUG [java.sql.ResultSet] - {rset-100002} Result: [wqm]
2015-03-18 16:14:32,370 DEBUG [java.sql.Connection] - {conn-100003} Connection
2015-03-18 16:14:32,370 DEBUG [java.sql.Connection] - {conn-100003} Preparing Statement:       select programid from program   where name = ?  
2015-03-18 16:14:32,384 DEBUG [java.sql.PreparedStatement] - {pstm-100004} Executing Statement:       select programid from program   where name = ?  
2015-03-18 16:14:32,385 DEBUG [java.sql.PreparedStatement] - {pstm-100004} Parameters: [wqm]
2015-03-18 16:14:32,385 DEBUG [java.sql.PreparedStatement] - {pstm-100004} Types: [java.lang.String]
2015-03-18 16:14:32,391 DEBUG [java.sql.ResultSet] - {rset-100005} ResultSet
2015-03-18 16:14:32,391 DEBUG [java.sql.ResultSet] - {rset-100005} Header: [programid]
2015-03-18 16:14:32,391 DEBUG [java.sql.ResultSet] - {rset-100005} Result: [20]
2015-03-18 16:14:32,391 DEBUG [java.sql.Connection] - {conn-100006} Connection
2015-03-18 16:14:32,392 DEBUG [java.sql.Connection] - {conn-100006} Preparing Statement:   select max(depth) from program_page  where programid = ?; 
2015-03-18 16:14:32,442 DEBUG [java.sql.PreparedStatement] - {pstm-100007} Executing Statement:   select max(depth) from program_page  where programid = ?; 
2015-03-18 16:14:32,442 DEBUG [java.sql.PreparedStatement] - {pstm-100007} Parameters: [20]
2015-03-18 16:14:32,443 DEBUG [java.sql.PreparedStatement] - {pstm-100007} Types: [java.lang.Integer]
2015-03-18 16:14:32,452 DEBUG [java.sql.ResultSet] - {rset-100008} ResultSet
2015-03-18 16:14:32,452 DEBUG [java.sql.ResultSet] - {rset-100008} Header: [max(depth)]
2015-03-18 16:14:32,452 DEBUG [java.sql.ResultSet] - {rset-100008} Result: [1]
2015-03-18 16:14:32,453 DEBUG [java.sql.Connection] - {conn-100009} Connection
2015-03-18 16:14:32,453 DEBUG [java.sql.Connection] - {conn-100009} Preparing Statement:      select endpage endPage, pageid pageId, programid programId, depth from program_page  where programid = ? and depth = ?; 
2015-03-18 16:14:32,469 DEBUG [java.sql.PreparedStatement] - {pstm-100010} Executing Statement:      select endpage endPage, pageid pageId, programid programId, depth from program_page  where programid = ? and depth = ?; 
2015-03-18 16:14:32,469 DEBUG [java.sql.PreparedStatement] - {pstm-100010} Parameters: [20, 1]
2015-03-18 16:14:32,469 DEBUG [java.sql.PreparedStatement] - {pstm-100010} Types: [java.lang.Integer, java.lang.Integer]
2015-03-18 16:14:32,470 DEBUG [java.sql.ResultSet] - {rset-100011} ResultSet
2015-03-18 16:14:32,470 DEBUG [java.sql.ResultSet] - {rset-100011} Header: [endPage, pageId, programId, depth]
2015-03-18 16:14:32,470 DEBUG [java.sql.ResultSet] - {rset-100011} Result: [0, 9, 20, 1]
2015-03-18 16:14:32,470 DEBUG [java.sql.ResultSet] - {rset-100011} Result: [0, 10, 20, 1]
2015-03-18 16:14:32,471 DEBUG [java.sql.Connection] - {conn-100012} Connection
2015-03-18 16:14:32,471 DEBUG [java.sql.Connection] - {conn-100012} Preparing Statement:      select elementid from element_page  where pageid = ? 
2015-03-18 16:14:32,542 DEBUG [java.sql.PreparedStatement] - {pstm-100013} Executing Statement:      select elementid from element_page  where pageid = ? 
2015-03-18 16:14:32,542 DEBUG [java.sql.PreparedStatement] - {pstm-100013} Parameters: [9]
2015-03-18 16:14:32,542 DEBUG [java.sql.PreparedStatement] - {pstm-100013} Types: [java.lang.Integer]
2015-03-18 16:14:32,542 DEBUG [java.sql.ResultSet] - {rset-100014} ResultSet
2015-03-18 16:14:32,543 DEBUG [java.sql.ResultSet] - {rset-100014} Header: [elementid]
2015-03-18 16:14:32,543 DEBUG [java.sql.ResultSet] - {rset-100014} Result: [11]
2015-03-18 16:14:32,543 DEBUG [java.sql.Connection] - {conn-100015} Connection
2015-03-18 16:14:32,545 DEBUG [java.sql.Connection] - {conn-100015} Preparing Statement:      select * from  (   select e.elementid elementId, e.text, e.classtype classType, e.elementindex elementIndex, eo.operationalid operationalId, eo.resultid resultId from    element e left join element_operational eo on   e.elementid = eo.elementid  ) as elem  where elementId in    (       ?   ) 
2015-03-18 16:14:32,575 DEBUG [java.sql.PreparedStatement] - {pstm-100016} Executing Statement:      select * from  (   select e.elementid elementId, e.text, e.classtype classType, e.elementindex elementIndex, eo.operationalid operationalId, eo.resultid resultId from    element e left join element_operational eo on   e.elementid = eo.elementid  ) as elem  where elementId in    (       ?   ) 
2015-03-18 16:14:32,575 DEBUG [java.sql.PreparedStatement] - {pstm-100016} Parameters: [11]
2015-03-18 16:14:32,575 DEBUG [java.sql.PreparedStatement] - {pstm-100016} Types: [java.lang.Integer]
2015-03-18 16:14:32,576 DEBUG [java.sql.ResultSet] - {rset-100017} ResultSet
2015-03-18 16:14:32,578 DEBUG [java.sql.ResultSet] - {rset-100017} Header: [elementId, text, classType, elementIndex, operationalId, resultId]
2015-03-18 16:14:32,578 DEBUG [java.sql.ResultSet] - {rset-100017} Result: [11, 过去哈哈哈, TextView, 0, 11, 1]
2015-03-18 16:14:32,614 DEBUG [java.sql.Connection] - {conn-100018} Connection
2015-03-18 16:14:32,614 DEBUG [java.sql.Connection] - {conn-100018} Preparing Statement:    select * from   (    select elementid elementId, operationalid operationalId, resultid resultId,    targetpageid targetpageId from    element_operational as eo right join elem_op_page as eop    on eo.id = eop.elem_opid   ) as elem   where targetpageId = ?  
2015-03-18 16:14:32,632 DEBUG [java.sql.PreparedStatement] - {pstm-100019} Executing Statement:    select * from   (    select elementid elementId, operationalid operationalId, resultid resultId,    targetpageid targetpageId from    element_operational as eo right join elem_op_page as eop    on eo.id = eop.elem_opid   ) as elem   where targetpageId = ?  
2015-03-18 16:14:32,633 DEBUG [java.sql.PreparedStatement] - {pstm-100019} Parameters: [9]
2015-03-18 16:14:32,633 DEBUG [java.sql.PreparedStatement] - {pstm-100019} Types: [java.lang.Integer]
2015-03-18 16:14:32,633 DEBUG [java.sql.ResultSet] - {rset-100020} ResultSet
2015-03-18 16:14:32,634 DEBUG [java.sql.ResultSet] - {rset-100020} Header: [elementId, operationalId, resultId, targetpageId]
2015-03-18 16:14:32,634 DEBUG [java.sql.ResultSet] - {rset-100020} Result: [9, 9, 2, 9]
2015-03-18 16:14:32,634 DEBUG [java.sql.Connection] - {conn-100021} Connection
2015-03-18 16:14:32,635 DEBUG [java.sql.Connection] - {conn-100021} Preparing Statement:      select pageid from element_page  where elementid = ? 
2015-03-18 16:14:32,646 DEBUG [java.sql.PreparedStatement] - {pstm-100022} Executing Statement:      select pageid from element_page  where elementid = ? 
2015-03-18 16:14:32,646 DEBUG [java.sql.PreparedStatement] - {pstm-100022} Parameters: [9]
2015-03-18 16:14:32,646 DEBUG [java.sql.PreparedStatement] - {pstm-100022} Types: [java.lang.Integer]
2015-03-18 16:14:32,647 DEBUG [java.sql.ResultSet] - {rset-100023} ResultSet
2015-03-18 16:14:32,648 DEBUG [java.sql.ResultSet] - {rset-100023} Header: [pageid]
2015-03-18 16:14:32,648 DEBUG [java.sql.ResultSet] - {rset-100023} Result: [8]
2015-03-18 16:14:32,648 DEBUG [java.sql.Connection] - {conn-100024} Connection
2015-03-18 16:14:32,648 DEBUG [java.sql.Connection] - {conn-100024} Preparing Statement:      select * from  (   select e.elementid elementId, e.text, e.classtype classType, e.elementindex elementIndex, eo.operationalid operationalId, eo.resultid resultId from    element e left join element_operational eo on   e.elementid = eo.elementid  ) as elem  where elementId = ?; 
2015-03-18 16:14:32,656 DEBUG [java.sql.PreparedStatement] - {pstm-100025} Executing Statement:      select * from  (   select e.elementid elementId, e.text, e.classtype classType, e.elementindex elementIndex, eo.operationalid operationalId, eo.resultid resultId from    element e left join element_operational eo on   e.elementid = eo.elementid  ) as elem  where elementId = ?; 
2015-03-18 16:14:32,656 DEBUG [java.sql.PreparedStatement] - {pstm-100025} Parameters: [9]
2015-03-18 16:14:32,656 DEBUG [java.sql.PreparedStatement] - {pstm-100025} Types: [java.lang.Integer]
2015-03-18 16:14:32,657 DEBUG [java.sql.ResultSet] - {rset-100026} ResultSet
2015-03-18 16:14:32,657 DEBUG [java.sql.ResultSet] - {rset-100026} Header: [elementId, text, classType, elementIndex, operationalId, resultId]
2015-03-18 16:14:32,657 DEBUG [java.sql.ResultSet] - {rset-100026} Result: [9, 过去, TextView, 0, 9, 2]
2015-03-18 16:14:32,658 DEBUG [java.sql.Connection] - {conn-100027} Connection
2015-03-18 16:14:32,658 DEBUG [java.sql.Connection] - {conn-100027} Preparing Statement:      select depth from program_page  where pageid = ? 
2015-03-18 16:14:32,665 DEBUG [java.sql.PreparedStatement] - {pstm-100028} Executing Statement:      select depth from program_page  where pageid = ? 
2015-03-18 16:14:32,665 DEBUG [java.sql.PreparedStatement] - {pstm-100028} Parameters: [8]
2015-03-18 16:14:32,665 DEBUG [java.sql.PreparedStatement] - {pstm-100028} Types: [java.lang.Integer]
2015-03-18 16:14:32,666 DEBUG [java.sql.ResultSet] - {rset-100029} ResultSet
2015-03-18 16:14:32,666 DEBUG [java.sql.ResultSet] - {rset-100029} Header: [depth]
2015-03-18 16:14:32,666 DEBUG [java.sql.ResultSet] - {rset-100029} Result: [0]
2015-03-18 16:14:32,666 DEBUG [java.sql.Connection] - {conn-100030} Connection
2015-03-18 16:14:32,666 DEBUG [java.sql.Connection] - {conn-100030} Preparing Statement:      select elementid from element_page  where pageid = ? 
2015-03-18 16:14:32,673 DEBUG [java.sql.PreparedStatement] - {pstm-100031} Executing Statement:      select elementid from element_page  where pageid = ? 
2015-03-18 16:14:32,673 DEBUG [java.sql.PreparedStatement] - {pstm-100031} Parameters: [10]
2015-03-18 16:14:32,673 DEBUG [java.sql.PreparedStatement] - {pstm-100031} Types: [java.lang.Integer]
2015-03-18 16:14:32,673 DEBUG [java.sql.ResultSet] - {rset-100032} ResultSet
2015-03-18 16:14:32,673 DEBUG [java.sql.ResultSet] - {rset-100032} Header: [elementid]
2015-03-18 16:14:32,673 DEBUG [java.sql.ResultSet] - {rset-100032} Result: [12]
2015-03-18 16:14:32,674 DEBUG [java.sql.Connection] - {conn-100033} Connection
2015-03-18 16:14:32,674 DEBUG [java.sql.Connection] - {conn-100033} Preparing Statement:      select * from  (   select e.elementid elementId, e.text, e.classtype classType, e.elementindex elementIndex, eo.operationalid operationalId, eo.resultid resultId from    element e left join element_operational eo on   e.elementid = eo.elementid  ) as elem  where elementId in    (       ?   ) 
2015-03-18 16:14:32,680 DEBUG [java.sql.PreparedStatement] - {pstm-100034} Executing Statement:      select * from  (   select e.elementid elementId, e.text, e.classtype classType, e.elementindex elementIndex, eo.operationalid operationalId, eo.resultid resultId from    element e left join element_operational eo on   e.elementid = eo.elementid  ) as elem  where elementId in    (       ?   ) 
2015-03-18 16:14:32,680 DEBUG [java.sql.PreparedStatement] - {pstm-100034} Parameters: [12]
2015-03-18 16:14:32,680 DEBUG [java.sql.PreparedStatement] - {pstm-100034} Types: [java.lang.Integer]
2015-03-18 16:14:32,681 DEBUG [java.sql.ResultSet] - {rset-100035} ResultSet
2015-03-18 16:14:32,681 DEBUG [java.sql.ResultSet] - {rset-100035} Header: [elementId, text, classType, elementIndex, operationalId, resultId]
2015-03-18 16:14:32,681 DEBUG [java.sql.ResultSet] - {rset-100035} Result: [12, 未来哈哈哈, TextView, 0, 12, 1]
2015-03-18 16:14:32,682 DEBUG [java.sql.Connection] - {conn-100036} Connection
2015-03-18 16:14:32,682 DEBUG [java.sql.Connection] - {conn-100036} Preparing Statement:    select * from   (    select elementid elementId, operationalid operationalId, resultid resultId,    targetpageid targetpageId from    element_operational as eo right join elem_op_page as eop    on eo.id = eop.elem_opid   ) as elem   where targetpageId = ?  
2015-03-18 16:14:32,688 DEBUG [java.sql.PreparedStatement] - {pstm-100037} Executing Statement:    select * from   (    select elementid elementId, operationalid operationalId, resultid resultId,    targetpageid targetpageId from    element_operational as eo right join elem_op_page as eop    on eo.id = eop.elem_opid   ) as elem   where targetpageId = ?  
2015-03-18 16:14:32,689 DEBUG [java.sql.PreparedStatement] - {pstm-100037} Parameters: [10]
2015-03-18 16:14:32,689 DEBUG [java.sql.PreparedStatement] - {pstm-100037} Types: [java.lang.Integer]
2015-03-18 16:14:32,689 DEBUG [java.sql.ResultSet] - {rset-100038} ResultSet
2015-03-18 16:14:32,689 DEBUG [java.sql.ResultSet] - {rset-100038} Header: [elementId, operationalId, resultId, targetpageId]
2015-03-18 16:14:32,689 DEBUG [java.sql.ResultSet] - {rset-100038} Result: [10, 10, 2, 10]
2015-03-18 16:14:32,689 DEBUG [java.sql.Connection] - {conn-100039} Connection
2015-03-18 16:14:32,690 DEBUG [java.sql.Connection] - {conn-100039} Preparing Statement:      select pageid from element_page  where elementid = ? 
2015-03-18 16:14:32,697 DEBUG [java.sql.PreparedStatement] - {pstm-100040} Executing Statement:      select pageid from element_page  where elementid = ? 
2015-03-18 16:14:32,697 DEBUG [java.sql.PreparedStatement] - {pstm-100040} Parameters: [10]
2015-03-18 16:14:32,697 DEBUG [java.sql.PreparedStatement] - {pstm-100040} Types: [java.lang.Integer]
2015-03-18 16:14:32,697 DEBUG [java.sql.ResultSet] - {rset-100041} ResultSet
2015-03-18 16:14:32,697 DEBUG [java.sql.ResultSet] - {rset-100041} Header: [pageid]
2015-03-18 16:14:32,697 DEBUG [java.sql.ResultSet] - {rset-100041} Result: [8]
2015-03-18 16:14:32,698 DEBUG [java.sql.Connection] - {conn-100042} Connection
2015-03-18 16:14:32,698 DEBUG [java.sql.Connection] - {conn-100042} Preparing Statement:      select * from  (   select e.elementid elementId, e.text, e.classtype classType, e.elementindex elementIndex, eo.operationalid operationalId, eo.resultid resultId from    element e left join element_operational eo on   e.elementid = eo.elementid  ) as elem  where elementId = ?; 
2015-03-18 16:14:32,705 DEBUG [java.sql.PreparedStatement] - {pstm-100043} Executing Statement:      select * from  (   select e.elementid elementId, e.text, e.classtype classType, e.elementindex elementIndex, eo.operationalid operationalId, eo.resultid resultId from    element e left join element_operational eo on   e.elementid = eo.elementid  ) as elem  where elementId = ?; 
2015-03-18 16:14:32,705 DEBUG [java.sql.PreparedStatement] - {pstm-100043} Parameters: [10]
2015-03-18 16:14:32,705 DEBUG [java.sql.PreparedStatement] - {pstm-100043} Types: [java.lang.Integer]
2015-03-18 16:14:32,705 DEBUG [java.sql.ResultSet] - {rset-100044} ResultSet
2015-03-18 16:14:32,706 DEBUG [java.sql.ResultSet] - {rset-100044} Header: [elementId, text, classType, elementIndex, operationalId, resultId]
2015-03-18 16:14:32,706 DEBUG [java.sql.ResultSet] - {rset-100044} Result: [10, 未来, TextView, 0, 10, 2]
2015-03-18 16:14:32,706 DEBUG [java.sql.Connection] - {conn-100045} Connection
2015-03-18 16:14:32,707 DEBUG [java.sql.Connection] - {conn-100045} Preparing Statement:      select depth from program_page  where pageid = ? 
2015-03-18 16:14:32,716 DEBUG [java.sql.PreparedStatement] - {pstm-100046} Executing Statement:      select depth from program_page  where pageid = ? 
2015-03-18 16:14:32,716 DEBUG [java.sql.PreparedStatement] - {pstm-100046} Parameters: [8]
2015-03-18 16:14:32,716 DEBUG [java.sql.PreparedStatement] - {pstm-100046} Types: [java.lang.Integer]
2015-03-18 16:14:32,717 DEBUG [java.sql.ResultSet] - {rset-100047} ResultSet
2015-03-18 16:14:32,717 DEBUG [java.sql.ResultSet] - {rset-100047} Header: [depth]
2015-03-18 16:14:32,718 DEBUG [java.sql.ResultSet] - {rset-100047} Result: [0]
2015-03-18 16:14:32,719 DEBUG [java.sql.Connection] - {conn-100048} Connection
2015-03-18 16:14:32,719 DEBUG [java.sql.Connection] - {conn-100048} Preparing Statement:      select endpage endPage, pageid pageId, programid programId, depth from program_page  where programid = ? and depth = ?; 
2015-03-18 16:14:32,726 DEBUG [java.sql.PreparedStatement] - {pstm-100049} Executing Statement:      select endpage endPage, pageid pageId, programid programId, depth from program_page  where programid = ? and depth = ?; 
2015-03-18 16:14:32,726 DEBUG [java.sql.PreparedStatement] - {pstm-100049} Parameters: [20, 0]
2015-03-18 16:14:32,726 DEBUG [java.sql.PreparedStatement] - {pstm-100049} Types: [java.lang.Integer, java.lang.Integer]
2015-03-18 16:14:32,726 DEBUG [java.sql.ResultSet] - {rset-100050} ResultSet
2015-03-18 16:14:32,727 DEBUG [java.sql.ResultSet] - {rset-100050} Header: [endPage, pageId, programId, depth]
2015-03-18 16:14:32,727 DEBUG [java.sql.ResultSet] - {rset-100050} Result: [0, 8, 20, 0]
2015-03-18 16:14:32,727 DEBUG [java.sql.Connection] - {conn-100051} Connection
2015-03-18 16:14:32,727 DEBUG [java.sql.Connection] - {conn-100051} Preparing Statement:      select elementid from element_page  where pageid = ? 
2015-03-18 16:14:32,735 DEBUG [java.sql.PreparedStatement] - {pstm-100052} Executing Statement:      select elementid from element_page  where pageid = ? 
2015-03-18 16:14:32,735 DEBUG [java.sql.PreparedStatement] - {pstm-100052} Parameters: [8]
2015-03-18 16:14:32,735 DEBUG [java.sql.PreparedStatement] - {pstm-100052} Types: [java.lang.Integer]
2015-03-18 16:14:32,736 DEBUG [java.sql.ResultSet] - {rset-100053} ResultSet
2015-03-18 16:14:32,736 DEBUG [java.sql.ResultSet] - {rset-100053} Header: [elementid]
2015-03-18 16:14:32,736 DEBUG [java.sql.ResultSet] - {rset-100053} Result: [9]
2015-03-18 16:14:32,736 DEBUG [java.sql.ResultSet] - {rset-100053} Result: [10]
2015-03-18 16:14:32,736 DEBUG [java.sql.ResultSet] - {rset-100053} Result: [13]
2015-03-18 16:14:32,736 DEBUG [java.sql.ResultSet] - {rset-100053} Result: [14]
2015-03-18 16:14:32,737 DEBUG [java.sql.Connection] - {conn-100054} Connection
2015-03-18 16:14:32,737 DEBUG [java.sql.Connection] - {conn-100054} Preparing Statement:      select * from  (   select e.elementid elementId, e.text, e.classtype classType, e.elementindex elementIndex, eo.operationalid operationalId, eo.resultid resultId from    element e left join element_operational eo on   e.elementid = eo.elementid  ) as elem  where elementId in    (       ?   ,       ?   ,       ?   ,       ?   ) 
2015-03-18 16:14:32,743 DEBUG [java.sql.PreparedStatement] - {pstm-100055} Executing Statement:      select * from  (   select e.elementid elementId, e.text, e.classtype classType, e.elementindex elementIndex, eo.operationalid operationalId, eo.resultid resultId from    element e left join element_operational eo on   e.elementid = eo.elementid  ) as elem  where elementId in    (       ?   ,       ?   ,       ?   ,       ?   ) 
2015-03-18 16:14:32,743 DEBUG [java.sql.PreparedStatement] - {pstm-100055} Parameters: [9, 10, 13, 14]
2015-03-18 16:14:32,743 DEBUG [java.sql.PreparedStatement] - {pstm-100055} Types: [java.lang.Integer, java.lang.Integer, java.lang.Integer, java.lang.Integer]
2015-03-18 16:14:32,762 DEBUG [java.sql.ResultSet] - {rset-100056} ResultSet
2015-03-18 16:14:32,763 DEBUG [java.sql.ResultSet] - {rset-100056} Header: [elementId, text, classType, elementIndex, operationalId, resultId]
2015-03-18 16:14:32,763 DEBUG [java.sql.ResultSet] - {rset-100056} Result: [9, 过去, TextView, 0, 9, 2]
2015-03-18 16:14:32,763 DEBUG [java.sql.ResultSet] - {rset-100056} Result: [10, 未来, TextView, 0, 10, 2]
2015-03-18 16:14:32,763 DEBUG [java.sql.ResultSet] - {rset-100056} Result: [13, 第四个, TextView, 0, 13, 1]
2015-03-18 16:14:32,764 DEBUG [java.sql.ResultSet] - {rset-100056} Result: [14, 第六个, TextView, 0, 14, 1]
2015-03-18 16:14:32,766 DEBUG [java.sql.Connection] - {conn-100057} Connection
2015-03-18 16:14:32,766 DEBUG [java.sql.Connection] - {conn-100057} Preparing Statement:    select operationalid, content from operational  
2015-03-18 16:14:32,779 DEBUG [java.sql.PreparedStatement] - {pstm-100058} Executing Statement:    select operationalid, content from operational  
2015-03-18 16:14:32,779 DEBUG [java.sql.PreparedStatement] - {pstm-100058} Parameters: []
2015-03-18 16:14:32,779 DEBUG [java.sql.PreparedStatement] - {pstm-100058} Types: []
2015-03-18 16:14:32,779 DEBUG [java.sql.ResultSet] - {rset-100059} ResultSet
2015-03-18 16:14:32,780 DEBUG [java.sql.ResultSet] - {rset-100059} Header: [operationalid, content]
2015-03-18 16:14:32,780 DEBUG [java.sql.ResultSet] - {rset-100059} Result: [1, click]
2015-03-18 16:14:32,780 DEBUG [java.sql.ResultSet] - {rset-100059} Result: [2, click]
2015-03-18 16:14:32,781 DEBUG [java.sql.ResultSet] - {rset-100059} Result: [3, click]
2015-03-18 16:14:32,781 DEBUG [java.sql.ResultSet] - {rset-100059} Result: [4, click]
2015-03-18 16:14:32,781 DEBUG [java.sql.ResultSet] - {rset-100059} Result: [6, click]
2015-03-18 16:14:32,781 DEBUG [java.sql.ResultSet] - {rset-100059} Result: [7, click]
2015-03-18 16:14:32,781 DEBUG [java.sql.ResultSet] - {rset-100059} Result: [8, click]
2015-03-18 16:14:32,781 DEBUG [java.sql.ResultSet] - {rset-100059} Result: [9, click]
2015-03-18 16:14:32,781 DEBUG [java.sql.ResultSet] - {rset-100059} Result: [10, click]
2015-03-18 16:14:32,781 DEBUG [java.sql.ResultSet] - {rset-100059} Result: [11, click]
2015-03-18 16:14:32,781 DEBUG [java.sql.ResultSet] - {rset-100059} Result: [12, click]
2015-03-18 16:14:32,781 DEBUG [java.sql.ResultSet] - {rset-100059} Result: [13, click]
2015-03-18 16:14:32,782 DEBUG [java.sql.ResultSet] - {rset-100059} Result: [14, click]
2015-03-18 16:15:00,043 INFO [org.springframework.context.support.ClassPathXmlApplicationContext] - Refreshing org.springframework.context.support.ClassPathXmlApplicationContext@75be6a65: display name [org.springframework.context.support.ClassPathXmlApplicationContext@75be6a65]; startup date [Wed Mar 18 16:15:00 CST 2015]; root of context hierarchy
2015-03-18 16:15:00,085 INFO [org.springframework.beans.factory.xml.XmlBeanDefinitionReader] - Loading XML bean definitions from class path resource [applicationContext.xml]
2015-03-18 16:15:00,216 INFO [org.springframework.context.support.ClassPathXmlApplicationContext] - Bean factory for application context [org.springframework.context.support.ClassPathXmlApplicationContext@75be6a65]: org.springframework.beans.factory.support.DefaultListableBeanFactory@5253f293
2015-03-18 16:15:00,251 INFO [org.springframework.beans.factory.config.PropertyPlaceholderConfigurer] - Loading properties file from class path resource [application.properties]
2015-03-18 16:15:00,266 INFO [org.springframework.beans.factory.support.DefaultListableBeanFactory] - Pre-instantiating singletons in org.springframework.beans.factory.support.DefaultListableBeanFactory@5253f293: defining beans [propertyConfig,transactionManager,org.springframework.aop.config.internalAutoProxyCreator,org.springframework.transaction.annotation.AnnotationTransactionAttributeSource#0,org.springframework.transaction.interceptor.TransactionInterceptor#0,org.springframework.transaction.config.internalTransactionAdvisor,dataSource,sqlMapClient,Dao,Data]; root of factory hierarchy
2015-03-18 16:15:00,295 INFO [org.springframework.jdbc.datasource.DriverManagerDataSource] - Loaded JDBC driver: com.mysql.jdbc.Driver
2015-03-18 16:15:00,485 DEBUG [java.sql.Connection] - {conn-100000} Connection
2015-03-18 16:15:00,493 DEBUG [java.sql.Connection] - {conn-100000} Preparing Statement:       SELECT name   FROM project   LEFT JOIN    (   SELECT projectid, pp.programid, program.name   FROM    project_program AS pp   LEFT JOIN program ON pp.programid = program.programid) AS pro ON project.projectid = pro.projectid   where projectname = ?  
2015-03-18 16:15:00,626 DEBUG [java.sql.PreparedStatement] - {pstm-100001} Executing Statement:       SELECT name   FROM project   LEFT JOIN    (   SELECT projectid, pp.programid, program.name   FROM    project_program AS pp   LEFT JOIN program ON pp.programid = program.programid) AS pro ON project.projectid = pro.projectid   where projectname = ?  
2015-03-18 16:15:00,626 DEBUG [java.sql.PreparedStatement] - {pstm-100001} Parameters: [Demo]
2015-03-18 16:15:00,626 DEBUG [java.sql.PreparedStatement] - {pstm-100001} Types: [java.lang.String]
2015-03-18 16:15:00,627 DEBUG [java.sql.ResultSet] - {rset-100002} ResultSet
2015-03-18 16:15:00,640 DEBUG [java.sql.ResultSet] - {rset-100002} Header: [name]
2015-03-18 16:15:00,640 DEBUG [java.sql.ResultSet] - {rset-100002} Result: [wqm]
2015-03-18 16:15:01,788 DEBUG [java.sql.Connection] - {conn-100003} Connection
2015-03-18 16:15:01,788 DEBUG [java.sql.Connection] - {conn-100003} Preparing Statement:       select programid from program   where name = ?  
2015-03-18 16:15:01,803 DEBUG [java.sql.PreparedStatement] - {pstm-100004} Executing Statement:       select programid from program   where name = ?  
2015-03-18 16:15:01,803 DEBUG [java.sql.PreparedStatement] - {pstm-100004} Parameters: [wqm]
2015-03-18 16:15:01,803 DEBUG [java.sql.PreparedStatement] - {pstm-100004} Types: [java.lang.String]
2015-03-18 16:15:01,804 DEBUG [java.sql.ResultSet] - {rset-100005} ResultSet
2015-03-18 16:15:01,804 DEBUG [java.sql.ResultSet] - {rset-100005} Header: [programid]
2015-03-18 16:15:01,804 DEBUG [java.sql.ResultSet] - {rset-100005} Result: [20]
2015-03-18 16:15:01,804 DEBUG [java.sql.Connection] - {conn-100006} Connection
2015-03-18 16:15:01,804 DEBUG [java.sql.Connection] - {conn-100006} Preparing Statement:   select max(depth) from program_page  where programid = ?; 
2015-03-18 16:15:01,819 DEBUG [java.sql.PreparedStatement] - {pstm-100007} Executing Statement:   select max(depth) from program_page  where programid = ?; 
2015-03-18 16:15:01,819 DEBUG [java.sql.PreparedStatement] - {pstm-100007} Parameters: [20]
2015-03-18 16:15:01,819 DEBUG [java.sql.PreparedStatement] - {pstm-100007} Types: [java.lang.Integer]
2015-03-18 16:15:01,819 DEBUG [java.sql.ResultSet] - {rset-100008} ResultSet
2015-03-18 16:15:01,819 DEBUG [java.sql.ResultSet] - {rset-100008} Header: [max(depth)]
2015-03-18 16:15:01,819 DEBUG [java.sql.ResultSet] - {rset-100008} Result: [1]
2015-03-18 16:15:01,820 DEBUG [java.sql.Connection] - {conn-100009} Connection
2015-03-18 16:15:01,820 DEBUG [java.sql.Connection] - {conn-100009} Preparing Statement:      select endpage endPage, pageid pageId, programid programId, depth from program_page  where programid = ? and depth = ?; 
2015-03-18 16:15:01,836 DEBUG [java.sql.PreparedStatement] - {pstm-100010} Executing Statement:      select endpage endPage, pageid pageId, programid programId, depth from program_page  where programid = ? and depth = ?; 
2015-03-18 16:15:01,836 DEBUG [java.sql.PreparedStatement] - {pstm-100010} Parameters: [20, 1]
2015-03-18 16:15:01,836 DEBUG [java.sql.PreparedStatement] - {pstm-100010} Types: [java.lang.Integer, java.lang.Integer]
2015-03-18 16:15:01,836 DEBUG [java.sql.ResultSet] - {rset-100011} ResultSet
2015-03-18 16:15:01,837 DEBUG [java.sql.ResultSet] - {rset-100011} Header: [endPage, pageId, programId, depth]
2015-03-18 16:15:01,837 DEBUG [java.sql.ResultSet] - {rset-100011} Result: [0, 9, 20, 1]
2015-03-18 16:15:01,837 DEBUG [java.sql.ResultSet] - {rset-100011} Result: [0, 10, 20, 1]
2015-03-18 16:15:01,837 DEBUG [java.sql.Connection] - {conn-100012} Connection
2015-03-18 16:15:01,837 DEBUG [java.sql.Connection] - {conn-100012} Preparing Statement:      select elementid from element_page  where pageid = ? 
2015-03-18 16:15:01,849 DEBUG [java.sql.PreparedStatement] - {pstm-100013} Executing Statement:      select elementid from element_page  where pageid = ? 
2015-03-18 16:15:01,849 DEBUG [java.sql.PreparedStatement] - {pstm-100013} Parameters: [9]
2015-03-18 16:15:01,849 DEBUG [java.sql.PreparedStatement] - {pstm-100013} Types: [java.lang.Integer]
2015-03-18 16:15:01,849 DEBUG [java.sql.ResultSet] - {rset-100014} ResultSet
2015-03-18 16:15:01,849 DEBUG [java.sql.ResultSet] - {rset-100014} Header: [elementid]
2015-03-18 16:15:01,849 DEBUG [java.sql.ResultSet] - {rset-100014} Result: [11]
2015-03-18 16:15:01,850 DEBUG [java.sql.Connection] - {conn-100015} Connection
2015-03-18 16:15:01,852 DEBUG [java.sql.Connection] - {conn-100015} Preparing Statement:      select * from  (   select e.elementid elementId, e.text, e.classtype classType, e.elementindex elementIndex, eo.operationalid operationalId, eo.resultid resultId from    element e left join element_operational eo on   e.elementid = eo.elementid  ) as elem  where elementId in    (       ?   ) 
2015-03-18 16:15:01,863 DEBUG [java.sql.PreparedStatement] - {pstm-100016} Executing Statement:      select * from  (   select e.elementid elementId, e.text, e.classtype classType, e.elementindex elementIndex, eo.operationalid operationalId, eo.resultid resultId from    element e left join element_operational eo on   e.elementid = eo.elementid  ) as elem  where elementId in    (       ?   ) 
2015-03-18 16:15:01,863 DEBUG [java.sql.PreparedStatement] - {pstm-100016} Parameters: [11]
2015-03-18 16:15:01,863 DEBUG [java.sql.PreparedStatement] - {pstm-100016} Types: [java.lang.Integer]
2015-03-18 16:15:01,864 DEBUG [java.sql.ResultSet] - {rset-100017} ResultSet
2015-03-18 16:15:01,866 DEBUG [java.sql.ResultSet] - {rset-100017} Header: [elementId, text, classType, elementIndex, operationalId, resultId]
2015-03-18 16:15:01,866 DEBUG [java.sql.ResultSet] - {rset-100017} Result: [11, 过去哈哈哈, TextView, 0, 11, 1]
2015-03-18 16:15:01,871 DEBUG [java.sql.Connection] - {conn-100018} Connection
2015-03-18 16:15:01,871 DEBUG [java.sql.Connection] - {conn-100018} Preparing Statement:    select * from   (    select elementid elementId, operationalid operationalId, resultid resultId,    targetpageid targetpageId from    element_operational as eo right join elem_op_page as eop    on eo.id = eop.elem_opid   ) as elem   where targetpageId = ?  
2015-03-18 16:15:01,883 DEBUG [java.sql.PreparedStatement] - {pstm-100019} Executing Statement:    select * from   (    select elementid elementId, operationalid operationalId, resultid resultId,    targetpageid targetpageId from    element_operational as eo right join elem_op_page as eop    on eo.id = eop.elem_opid   ) as elem   where targetpageId = ?  
2015-03-18 16:15:01,883 DEBUG [java.sql.PreparedStatement] - {pstm-100019} Parameters: [9]
2015-03-18 16:15:01,883 DEBUG [java.sql.PreparedStatement] - {pstm-100019} Types: [java.lang.Integer]
2015-03-18 16:15:01,884 DEBUG [java.sql.ResultSet] - {rset-100020} ResultSet
2015-03-18 16:15:01,885 DEBUG [java.sql.ResultSet] - {rset-100020} Header: [elementId, operationalId, resultId, targetpageId]
2015-03-18 16:15:01,885 DEBUG [java.sql.ResultSet] - {rset-100020} Result: [9, 9, 2, 9]
2015-03-18 16:15:01,885 DEBUG [java.sql.Connection] - {conn-100021} Connection
2015-03-18 16:15:01,885 DEBUG [java.sql.Connection] - {conn-100021} Preparing Statement:      select pageid from element_page  where elementid = ? 
2015-03-18 16:15:01,897 DEBUG [java.sql.PreparedStatement] - {pstm-100022} Executing Statement:      select pageid from element_page  where elementid = ? 
2015-03-18 16:15:01,897 DEBUG [java.sql.PreparedStatement] - {pstm-100022} Parameters: [9]
2015-03-18 16:15:01,897 DEBUG [java.sql.PreparedStatement] - {pstm-100022} Types: [java.lang.Integer]
2015-03-18 16:15:01,898 DEBUG [java.sql.ResultSet] - {rset-100023} ResultSet
2015-03-18 16:15:01,898 DEBUG [java.sql.ResultSet] - {rset-100023} Header: [pageid]
2015-03-18 16:15:01,898 DEBUG [java.sql.ResultSet] - {rset-100023} Result: [8]
2015-03-18 16:15:01,899 DEBUG [java.sql.Connection] - {conn-100024} Connection
2015-03-18 16:15:01,899 DEBUG [java.sql.Connection] - {conn-100024} Preparing Statement:      select * from  (   select e.elementid elementId, e.text, e.classtype classType, e.elementindex elementIndex, eo.operationalid operationalId, eo.resultid resultId from    element e left join element_operational eo on   e.elementid = eo.elementid  ) as elem  where elementId = ?; 
2015-03-18 16:15:01,912 DEBUG [java.sql.PreparedStatement] - {pstm-100025} Executing Statement:      select * from  (   select e.elementid elementId, e.text, e.classtype classType, e.elementindex elementIndex, eo.operationalid operationalId, eo.resultid resultId from    element e left join element_operational eo on   e.elementid = eo.elementid  ) as elem  where elementId = ?; 
2015-03-18 16:15:01,912 DEBUG [java.sql.PreparedStatement] - {pstm-100025} Parameters: [9]
2015-03-18 16:15:01,912 DEBUG [java.sql.PreparedStatement] - {pstm-100025} Types: [java.lang.Integer]
2015-03-18 16:15:01,912 DEBUG [java.sql.ResultSet] - {rset-100026} ResultSet
2015-03-18 16:15:01,913 DEBUG [java.sql.ResultSet] - {rset-100026} Header: [elementId, text, classType, elementIndex, operationalId, resultId]
2015-03-18 16:15:01,913 DEBUG [java.sql.ResultSet] - {rset-100026} Result: [9, 过去, TextView, 0, 9, 2]
2015-03-18 16:15:01,913 DEBUG [java.sql.Connection] - {conn-100027} Connection
2015-03-18 16:15:01,913 DEBUG [java.sql.Connection] - {conn-100027} Preparing Statement:      select depth from program_page  where pageid = ? 
2015-03-18 16:15:01,925 DEBUG [java.sql.PreparedStatement] - {pstm-100028} Executing Statement:      select depth from program_page  where pageid = ? 
2015-03-18 16:15:01,925 DEBUG [java.sql.PreparedStatement] - {pstm-100028} Parameters: [8]
2015-03-18 16:15:01,925 DEBUG [java.sql.PreparedStatement] - {pstm-100028} Types: [java.lang.Integer]
2015-03-18 16:15:01,925 DEBUG [java.sql.ResultSet] - {rset-100029} ResultSet
2015-03-18 16:15:01,925 DEBUG [java.sql.ResultSet] - {rset-100029} Header: [depth]
2015-03-18 16:15:01,925 DEBUG [java.sql.ResultSet] - {rset-100029} Result: [0]
2015-03-18 16:15:01,926 DEBUG [java.sql.Connection] - {conn-100030} Connection
2015-03-18 16:15:01,926 DEBUG [java.sql.Connection] - {conn-100030} Preparing Statement:      select elementid from element_page  where pageid = ? 
2015-03-18 16:15:01,932 DEBUG [java.sql.PreparedStatement] - {pstm-100031} Executing Statement:      select elementid from element_page  where pageid = ? 
2015-03-18 16:15:01,932 DEBUG [java.sql.PreparedStatement] - {pstm-100031} Parameters: [10]
2015-03-18 16:15:01,932 DEBUG [java.sql.PreparedStatement] - {pstm-100031} Types: [java.lang.Integer]
2015-03-18 16:15:01,932 DEBUG [java.sql.ResultSet] - {rset-100032} ResultSet
2015-03-18 16:15:01,932 DEBUG [java.sql.ResultSet] - {rset-100032} Header: [elementid]
2015-03-18 16:15:01,932 DEBUG [java.sql.ResultSet] - {rset-100032} Result: [12]
2015-03-18 16:15:01,932 DEBUG [java.sql.Connection] - {conn-100033} Connection
2015-03-18 16:15:01,933 DEBUG [java.sql.Connection] - {conn-100033} Preparing Statement:      select * from  (   select e.elementid elementId, e.text, e.classtype classType, e.elementindex elementIndex, eo.operationalid operationalId, eo.resultid resultId from    element e left join element_operational eo on   e.elementid = eo.elementid  ) as elem  where elementId in    (       ?   ) 
2015-03-18 16:15:01,939 DEBUG [java.sql.PreparedStatement] - {pstm-100034} Executing Statement:      select * from  (   select e.elementid elementId, e.text, e.classtype classType, e.elementindex elementIndex, eo.operationalid operationalId, eo.resultid resultId from    element e left join element_operational eo on   e.elementid = eo.elementid  ) as elem  where elementId in    (       ?   ) 
2015-03-18 16:15:01,939 DEBUG [java.sql.PreparedStatement] - {pstm-100034} Parameters: [12]
2015-03-18 16:15:01,939 DEBUG [java.sql.PreparedStatement] - {pstm-100034} Types: [java.lang.Integer]
2015-03-18 16:15:01,939 DEBUG [java.sql.ResultSet] - {rset-100035} ResultSet
2015-03-18 16:15:01,940 DEBUG [java.sql.ResultSet] - {rset-100035} Header: [elementId, text, classType, elementIndex, operationalId, resultId]
2015-03-18 16:15:01,940 DEBUG [java.sql.ResultSet] - {rset-100035} Result: [12, 未来哈哈哈, TextView, 0, 12, 1]
2015-03-18 16:15:01,940 DEBUG [java.sql.Connection] - {conn-100036} Connection
2015-03-18 16:15:01,940 DEBUG [java.sql.Connection] - {conn-100036} Preparing Statement:    select * from   (    select elementid elementId, operationalid operationalId, resultid resultId,    targetpageid targetpageId from    element_operational as eo right join elem_op_page as eop    on eo.id = eop.elem_opid   ) as elem   where targetpageId = ?  
2015-03-18 16:15:01,946 DEBUG [java.sql.PreparedStatement] - {pstm-100037} Executing Statement:    select * from   (    select elementid elementId, operationalid operationalId, resultid resultId,    targetpageid targetpageId from    element_operational as eo right join elem_op_page as eop    on eo.id = eop.elem_opid   ) as elem   where targetpageId = ?  
2015-03-18 16:15:01,947 DEBUG [java.sql.PreparedStatement] - {pstm-100037} Parameters: [10]
2015-03-18 16:15:01,947 DEBUG [java.sql.PreparedStatement] - {pstm-100037} Types: [java.lang.Integer]
2015-03-18 16:15:01,947 DEBUG [java.sql.ResultSet] - {rset-100038} ResultSet
2015-03-18 16:15:01,947 DEBUG [java.sql.ResultSet] - {rset-100038} Header: [elementId, operationalId, resultId, targetpageId]
2015-03-18 16:15:01,947 DEBUG [java.sql.ResultSet] - {rset-100038} Result: [10, 10, 2, 10]
2015-03-18 16:15:01,947 DEBUG [java.sql.Connection] - {conn-100039} Connection
2015-03-18 16:15:01,948 DEBUG [java.sql.Connection] - {conn-100039} Preparing Statement:      select pageid from element_page  where elementid = ? 
2015-03-18 16:15:01,954 DEBUG [java.sql.PreparedStatement] - {pstm-100040} Executing Statement:      select pageid from element_page  where elementid = ? 
2015-03-18 16:15:01,954 DEBUG [java.sql.PreparedStatement] - {pstm-100040} Parameters: [10]
2015-03-18 16:15:01,954 DEBUG [java.sql.PreparedStatement] - {pstm-100040} Types: [java.lang.Integer]
2015-03-18 16:15:01,954 DEBUG [java.sql.ResultSet] - {rset-100041} ResultSet
2015-03-18 16:15:01,955 DEBUG [java.sql.ResultSet] - {rset-100041} Header: [pageid]
2015-03-18 16:15:01,955 DEBUG [java.sql.ResultSet] - {rset-100041} Result: [8]
2015-03-18 16:15:01,955 DEBUG [java.sql.Connection] - {conn-100042} Connection
2015-03-18 16:15:01,955 DEBUG [java.sql.Connection] - {conn-100042} Preparing Statement:      select * from  (   select e.elementid elementId, e.text, e.classtype classType, e.elementindex elementIndex, eo.operationalid operationalId, eo.resultid resultId from    element e left join element_operational eo on   e.elementid = eo.elementid  ) as elem  where elementId = ?; 
2015-03-18 16:15:01,969 DEBUG [java.sql.PreparedStatement] - {pstm-100043} Executing Statement:      select * from  (   select e.elementid elementId, e.text, e.classtype classType, e.elementindex elementIndex, eo.operationalid operationalId, eo.resultid resultId from    element e left join element_operational eo on   e.elementid = eo.elementid  ) as elem  where elementId = ?; 
2015-03-18 16:15:01,969 DEBUG [java.sql.PreparedStatement] - {pstm-100043} Parameters: [10]
2015-03-18 16:15:01,969 DEBUG [java.sql.PreparedStatement] - {pstm-100043} Types: [java.lang.Integer]
2015-03-18 16:15:01,970 DEBUG [java.sql.ResultSet] - {rset-100044} ResultSet
2015-03-18 16:15:01,970 DEBUG [java.sql.ResultSet] - {rset-100044} Header: [elementId, text, classType, elementIndex, operationalId, resultId]
2015-03-18 16:15:01,970 DEBUG [java.sql.ResultSet] - {rset-100044} Result: [10, 未来, TextView, 0, 10, 2]
2015-03-18 16:15:01,971 DEBUG [java.sql.Connection] - {conn-100045} Connection
2015-03-18 16:15:01,971 DEBUG [java.sql.Connection] - {conn-100045} Preparing Statement:      select depth from program_page  where pageid = ? 
2015-03-18 16:15:01,977 DEBUG [java.sql.PreparedStatement] - {pstm-100046} Executing Statement:      select depth from program_page  where pageid = ? 
2015-03-18 16:15:01,977 DEBUG [java.sql.PreparedStatement] - {pstm-100046} Parameters: [8]
2015-03-18 16:15:01,977 DEBUG [java.sql.PreparedStatement] - {pstm-100046} Types: [java.lang.Integer]
2015-03-18 16:15:01,978 DEBUG [java.sql.ResultSet] - {rset-100047} ResultSet
2015-03-18 16:15:01,979 DEBUG [java.sql.ResultSet] - {rset-100047} Header: [depth]
2015-03-18 16:15:01,979 DEBUG [java.sql.ResultSet] - {rset-100047} Result: [0]
2015-03-18 16:15:01,980 DEBUG [java.sql.Connection] - {conn-100048} Connection
2015-03-18 16:15:01,980 DEBUG [java.sql.Connection] - {conn-100048} Preparing Statement:      select endpage endPage, pageid pageId, programid programId, depth from program_page  where programid = ? and depth = ?; 
2015-03-18 16:15:01,986 DEBUG [java.sql.PreparedStatement] - {pstm-100049} Executing Statement:      select endpage endPage, pageid pageId, programid programId, depth from program_page  where programid = ? and depth = ?; 
2015-03-18 16:15:01,986 DEBUG [java.sql.PreparedStatement] - {pstm-100049} Parameters: [20, 0]
2015-03-18 16:15:01,986 DEBUG [java.sql.PreparedStatement] - {pstm-100049} Types: [java.lang.Integer, java.lang.Integer]
2015-03-18 16:15:01,987 DEBUG [java.sql.ResultSet] - {rset-100050} ResultSet
2015-03-18 16:15:01,987 DEBUG [java.sql.ResultSet] - {rset-100050} Header: [endPage, pageId, programId, depth]
2015-03-18 16:15:01,987 DEBUG [java.sql.ResultSet] - {rset-100050} Result: [0, 8, 20, 0]
2015-03-18 16:15:01,987 DEBUG [java.sql.Connection] - {conn-100051} Connection
2015-03-18 16:15:01,987 DEBUG [java.sql.Connection] - {conn-100051} Preparing Statement:      select elementid from element_page  where pageid = ? 
2015-03-18 16:15:02,002 DEBUG [java.sql.PreparedStatement] - {pstm-100052} Executing Statement:      select elementid from element_page  where pageid = ? 
2015-03-18 16:15:02,002 DEBUG [java.sql.PreparedStatement] - {pstm-100052} Parameters: [8]
2015-03-18 16:15:02,002 DEBUG [java.sql.PreparedStatement] - {pstm-100052} Types: [java.lang.Integer]
2015-03-18 16:15:02,002 DEBUG [java.sql.ResultSet] - {rset-100053} ResultSet
2015-03-18 16:15:02,002 DEBUG [java.sql.ResultSet] - {rset-100053} Header: [elementid]
2015-03-18 16:15:02,002 DEBUG [java.sql.ResultSet] - {rset-100053} Result: [9]
2015-03-18 16:15:02,002 DEBUG [java.sql.ResultSet] - {rset-100053} Result: [10]
2015-03-18 16:15:02,002 DEBUG [java.sql.ResultSet] - {rset-100053} Result: [13]
2015-03-18 16:15:02,003 DEBUG [java.sql.ResultSet] - {rset-100053} Result: [14]
2015-03-18 16:15:02,003 DEBUG [java.sql.Connection] - {conn-100054} Connection
2015-03-18 16:15:02,003 DEBUG [java.sql.Connection] - {conn-100054} Preparing Statement:      select * from  (   select e.elementid elementId, e.text, e.classtype classType, e.elementindex elementIndex, eo.operationalid operationalId, eo.resultid resultId from    element e left join element_operational eo on   e.elementid = eo.elementid  ) as elem  where elementId in    (       ?   ,       ?   ,       ?   ,       ?   ) 
2015-03-18 16:15:02,008 DEBUG [java.sql.PreparedStatement] - {pstm-100055} Executing Statement:      select * from  (   select e.elementid elementId, e.text, e.classtype classType, e.elementindex elementIndex, eo.operationalid operationalId, eo.resultid resultId from    element e left join element_operational eo on   e.elementid = eo.elementid  ) as elem  where elementId in    (       ?   ,       ?   ,       ?   ,       ?   ) 
2015-03-18 16:15:02,008 DEBUG [java.sql.PreparedStatement] - {pstm-100055} Parameters: [9, 10, 13, 14]
2015-03-18 16:15:02,008 DEBUG [java.sql.PreparedStatement] - {pstm-100055} Types: [java.lang.Integer, java.lang.Integer, java.lang.Integer, java.lang.Integer]
2015-03-18 16:15:02,009 DEBUG [java.sql.ResultSet] - {rset-100056} ResultSet
2015-03-18 16:15:02,009 DEBUG [java.sql.ResultSet] - {rset-100056} Header: [elementId, text, classType, elementIndex, operationalId, resultId]
2015-03-18 16:15:02,009 DEBUG [java.sql.ResultSet] - {rset-100056} Result: [9, 过去, TextView, 0, 9, 2]
2015-03-18 16:15:02,009 DEBUG [java.sql.ResultSet] - {rset-100056} Result: [10, 未来, TextView, 0, 10, 2]
2015-03-18 16:15:02,009 DEBUG [java.sql.ResultSet] - {rset-100056} Result: [13, 第四个, TextView, 0, 13, 1]
2015-03-18 16:15:02,009 DEBUG [java.sql.ResultSet] - {rset-100056} Result: [14, 第六个, TextView, 0, 14, 1]
2015-03-18 16:15:02,012 DEBUG [java.sql.Connection] - {conn-100057} Connection
2015-03-18 16:15:02,012 DEBUG [java.sql.Connection] - {conn-100057} Preparing Statement:    select operationalid, content from operational  
2015-03-18 16:15:02,017 DEBUG [java.sql.PreparedStatement] - {pstm-100058} Executing Statement:    select operationalid, content from operational  
2015-03-18 16:15:02,017 DEBUG [java.sql.PreparedStatement] - {pstm-100058} Parameters: []
2015-03-18 16:15:02,017 DEBUG [java.sql.PreparedStatement] - {pstm-100058} Types: []
2015-03-18 16:15:02,017 DEBUG [java.sql.ResultSet] - {rset-100059} ResultSet
2015-03-18 16:15:02,018 DEBUG [java.sql.ResultSet] - {rset-100059} Header: [operationalid, content]
2015-03-18 16:15:02,018 DEBUG [java.sql.ResultSet] - {rset-100059} Result: [1, click]
2015-03-18 16:15:02,018 DEBUG [java.sql.ResultSet] - {rset-100059} Result: [2, click]
2015-03-18 16:15:02,018 DEBUG [java.sql.ResultSet] - {rset-100059} Result: [3, click]
2015-03-18 16:15:02,018 DEBUG [java.sql.ResultSet] - {rset-100059} Result: [4, click]
2015-03-18 16:15:02,018 DEBUG [java.sql.ResultSet] - {rset-100059} Result: [6, click]
2015-03-18 16:15:02,018 DEBUG [java.sql.ResultSet] - {rset-100059} Result: [7, click]
2015-03-18 16:15:02,018 DEBUG [java.sql.ResultSet] - {rset-100059} Result: [8, click]
2015-03-18 16:15:02,019 DEBUG [java.sql.ResultSet] - {rset-100059} Result: [9, click]
2015-03-18 16:15:02,019 DEBUG [java.sql.ResultSet] - {rset-100059} Result: [10, click]
2015-03-18 16:15:02,019 DEBUG [java.sql.ResultSet] - {rset-100059} Result: [11, click]
2015-03-18 16:15:02,019 DEBUG [java.sql.ResultSet] - {rset-100059} Result: [12, click]
2015-03-18 16:15:02,019 DEBUG [java.sql.ResultSet] - {rset-100059} Result: [13, click]
2015-03-18 16:15:02,019 DEBUG [java.sql.ResultSet] - {rset-100059} Result: [14, click]
